NED Student Security/app/build/intermediates/manifest_merge_blame_file/debug/manifest-merger-blame-debug-report.txt
1<?xml version="1.0" encoding="utf-8"?>
2<manifest xmlns:android="http://schemas.android.com/apk/res/android"
3    package="com.example.cewproject"
4    android:versionCode="1"
5    android:versionName="1.0" >
6
7    <uses-sdk
8        android:minSdkVersion="21"
8-->src\main\AndroidManifest.xml
9        android:targetSdkVersion="31" />
9-->src\main\AndroidManifest.xml
10
11    <uses-permission android:name="android.permission.INTERNET" />
11-->src\main\AndroidManifest.xml:5:5-67
11-->src\main\AndroidManifest.xml:5:22-64
12    <uses-permission android:name="android.permission.SEND_SMS" />
12-->src\main\AndroidManifest.xml:6:5-67
12-->src\main\AndroidManifest.xml:6:22-64
13    <uses-permission android:name="android.permission.ACCESS_COARSE_LOCATION" />
13-->src\main\AndroidManifest.xml:7:5-80
13-->src\main\AndroidManifest.xml:7:22-78
14    <uses-permission android:name="android.permission.ACCESS_FINE_LOCATION" />
14-->src\main\AndroidManifest.xml:8:5-78
14-->src\main\AndroidManifest.xml:8:22-76
15
16    <!-- Although the *SdkVersion is captured in gradle build files, this is required for non gradle builds -->
17    <!-- <uses-sdk android:minSdkVersion="14" /> -->
18    <uses-permission android:name="android.permission.ACCESS_NETWORK_STATE" />
18-->[com.google.firebase:firebase-firestore:24.0.1] AndroidManifest.xml:13:5-79
18-->[com.google.firebase:firebase-firestore:24.0.1] AndroidManifest.xml:13:22-76
19
20    <application
20-->src\main\AndroidManifest.xml:10:5-48:19
21        android:allowBackup="true"
21-->src\main\AndroidManifest.xml:11:9-35
22        android:appComponentFactory="androidx.core.app.CoreComponentFactory"
22-->[androidx.core:core:1.7.0] AndroidManifest.xml:24:18-86
23        android:debuggable="true"
24        android:icon="@drawable/icon"
24-->src\main\AndroidManifest.xml:12:9-38
25        android:label="@string/app_name"
25-->src\main\AndroidManifest.xml:13:9-41
26        android:roundIcon="@drawable/icon"
26-->src\main\AndroidManifest.xml:14:9-43
27        android:supportsRtl="true"
27-->src\main\AndroidManifest.xml:15:9-35
28        android:testOnly="true"
29        android:theme="@style/Theme.CEWProject" >
29-->src\main\AndroidManifest.xml:16:9-48
30        <activity
30-->src\main\AndroidManifest.xml:17:9-21:54
31            android:name="com.example.cewproject.Mentor"
31-->src\main\AndroidManifest.xml:19:13-35
32            android:exported="false"
32-->src\main\AndroidManifest.xml:20:13-37
33            android:label="@string/mentor_title"
33-->src\main\AndroidManifest.xml:18:13-49
34            android:parentActivityName="com.example.cewproject.Dashboard" />
34-->src\main\AndroidManifest.xml:21:13-52
35        <activity
35-->src\main\AndroidManifest.xml:22:9-26:54
36            android:name="com.example.cewproject.About"
36-->src\main\AndroidManifest.xml:24:13-34
37            android:exported="false"
37-->src\main\AndroidManifest.xml:25:13-37
38            android:label="@string/about_title"
38-->src\main\AndroidManifest.xml:23:13-48
39            android:parentActivityName="com.example.cewproject.Dashboard" />
39-->src\main\AndroidManifest.xml:26:13-52
40        <activity
40-->src\main\AndroidManifest.xml:27:9-30:40
41            android:name="com.example.cewproject.Dashboard"
41-->src\main\AndroidManifest.xml:29:13-38
42            android:exported="false"
42-->src\main\AndroidManifest.xml:30:13-37
43            android:label="@string/dash_title" />
43-->src\main\AndroidManifest.xml:28:13-47
44        <activity
44-->src\main\AndroidManifest.xml:31:9-34:40
45            android:name="com.example.cewproject.Register"
45-->src\main\AndroidManifest.xml:33:13-37
46            android:exported="false"
46-->src\main\AndroidManifest.xml:34:13-37
47            android:label="@string/register_title" />
47-->src\main\AndroidManifest.xml:32:13-51
48        <activity
48-->src\main\AndroidManifest.xml:35:9-38:40
49            android:name="com.example.cewproject.Login"
49-->src\main\AndroidManifest.xml:37:13-34
50            android:exported="false"
50-->src\main\AndroidManifest.xml:38:13-37
51            android:label="@string/login_title" />
51-->src\main\AndroidManifest.xml:36:13-48
52        <activity
52-->src\main\AndroidManifest.xml:39:9-47:20
53            android:name="com.example.cewproject.MainActivity"
53-->src\main\AndroidManifest.xml:40:13-41
54            android:exported="true" >
54-->src\main\AndroidManifest.xml:41:13-36
55            <intent-filter>
55-->src\main\AndroidManifest.xml:42:13-46:29
56                <action android:name="android.intent.action.MAIN" />
56-->src\main\AndroidManifest.xml:43:17-69
56-->src\main\AndroidManifest.xml:43:25-66
57
58                <category android:name="android.intent.category.LAUNCHER" />
58-->src\main\AndroidManifest.xml:45:17-77
58-->src\main\AndroidManifest.xml:45:27-74
59            </intent-filter>
60        </activity>
61        <activity
61-->[com.google.firebase:firebase-auth:19.2.0] AndroidManifest.xml:24:9-31:50
62            android:name="com.google.firebase.auth.internal.FederatedSignInActivity"
62-->[com.google.firebase:firebase-auth:19.2.0] AndroidManifest.xml:25:13-85
63            android:excludeFromRecents="true"
63-->[com.google.firebase:firebase-auth:19.2.0] AndroidManifest.xml:26:13-46
64            android:exported="true"
64-->[com.google.firebase:firebase-auth:19.2.0] AndroidManifest.xml:27:13-36
65            android:launchMode="singleTask"
65-->[com.google.firebase:firebase-auth:19.2.0] AndroidManifest.xml:28:13-44
66            android:permission="com.google.firebase.auth.api.gms.permission.LAUNCH_FEDERATED_SIGN_IN"
66-->[com.google.firebase:firebase-auth:19.2.0] AndroidManifest.xml:29:13-102
67            android:theme="@android:style/Theme.Translucent.NoTitleBar" />
67-->[com.google.firebase:firebase-auth:19.2.0] AndroidManifest.xml:30:13-72
68
69        <service
69-->[com.google.firebase:firebase-auth:19.2.0] AndroidManifest.xml:33:9-39:19
70            android:name="com.google.firebase.components.ComponentDiscoveryService"
70-->[com.google.firebase:firebase-auth:19.2.0] AndroidManifest.xml:34:13-84
71            android:directBootAware="true"
71-->[com.google.firebase:firebase-common:20.0.0] AndroidManifest.xml:35:13-43
72            android:exported="false" >
72-->[com.google.firebase:firebase-auth:19.2.0] AndroidManifest.xml:35:13-37
73            <meta-data
73-->[com.google.firebase:firebase-auth:19.2.0] AndroidManifest.xml:36:13-38:85
74                android:name="com.google.firebase.components:com.google.firebase.auth.FirebaseAuthRegistrar"
74-->[com.google.firebase:firebase-auth:19.2.0] AndroidManifest.xml:37:17-109
75                android:value="com.google.firebase.components.ComponentRegistrar" />
75-->[com.google.firebase:firebase-auth:19.2.0] AndroidManifest.xml:38:17-82
76            <meta-data
76-->[com.google.firebase:firebase-firestore:24.0.1] AndroidManifest.xml:20:13-22:85
77                android:name="com.google.firebase.components:com.google.firebase.firestore.FirestoreRegistrar"
77-->[com.google.firebase:firebase-firestore:24.0.1] AndroidManifest.xml:21:17-111
78                android:value="com.google.firebase.components.ComponentRegistrar" />
78-->[com.google.firebase:firebase-firestore:24.0.1] AndroidManifest.xml:22:17-82
79        </service>
80
81        <activity
81-->[com.google.android.gms:play-services-base:18.0.1] AndroidManifest.xml:20:9-22:45
82            android:name="com.google.android.gms.common.api.GoogleApiActivity"
82-->[com.google.android.gms:play-services-base:18.0.1] AndroidManifest.xml:20:19-85
83            android:exported="false"
83-->[com.google.android.gms:play-services-base:18.0.1] AndroidManifest.xml:22:19-43
84            android:theme="@android:style/Theme.Translucent.NoTitleBar" />
84-->[com.google.android.gms:play-services-base:18.0.1] AndroidManifest.xml:21:19-78
85
86        <provider
86-->[com.google.firebase:firebase-common:20.0.0] AndroidManifest.xml:26:9-31:39
87            android:name="com.google.firebase.provider.FirebaseInitProvider"
87-->[com.google.firebase:firebase-common:20.0.0] AndroidManifest.xml:27:13-77
88            android:authorities="com.example.cewproject.firebaseinitprovider"
88-->[com.google.firebase:firebase-common:20.0.0] AndroidManifest.xml:28:13-72
89            android:directBootAware="true"
89-->[com.google.firebase:firebase-common:20.0.0] AndroidManifest.xml:29:13-43
90            android:exported="false"
90-->[com.google.firebase:firebase-common:20.0.0] AndroidManifest.xml:30:13-37
91            android:initOrder="100" />
91-->[com.google.firebase:firebase-common:20.0.0] AndroidManifest.xml:31:13-36
92
93        <meta-data
93-->[com.google.android.gms:play-services-basement:18.0.0] AndroidManifest.xml:21:9-23:69
94            android:name="com.google.android.gms.version"
94-->[com.google.android.gms:play-services-basement:18.0.0] AndroidManifest.xml:22:13-58
95            android:value="@integer/google_play_services_version" />
95-->[com.google.android.gms:play-services-basement:18.0.0] AndroidManifest.xml:23:13-66
96
97        <provider
97-->[androidx.emoji2:emoji2:1.0.0] AndroidManifest.xml:26:9-34:20
98            android:name="androidx.startup.InitializationProvider"
98-->[androidx.emoji2:emoji2:1.0.0] AndroidManifest.xml:27:13-67
99            android:authorities="com.example.cewproject.androidx-startup"
99-->[androidx.emoji2:emoji2:1.0.0] AndroidManifest.xml:28:13-68
100            android:exported="false" >
100-->[androidx.emoji2:emoji2:1.0.0] AndroidManifest.xml:29:13-37
101            <meta-data
101-->[androidx.emoji2:emoji2:1.0.0] AndroidManifest.xml:31:13-33:52
102                android:name="androidx.emoji2.text.EmojiCompatInitializer"
102-->[androidx.emoji2:emoji2:1.0.0] AndroidManifest.xml:32:17-75
103                android:value="androidx.startup" />
103-->[androidx.emoji2:emoji2:1.0.0] AndroidManifest.xml:33:17-49
104            <meta-data
104-->[androidx.lifecycle:lifecycle-process:2.4.0] AndroidManifest.xml:31:13-33:52
105                android:name="androidx.lifecycle.ProcessLifecycleInitializer"
105-->[androidx.lifecycle:lifecycle-process:2.4.0] AndroidManifest.xml:32:17-78
106                android:value="androidx.startup" />
106-->[androidx.lifecycle:lifecycle-process:2.4.0] AndroidManifest.xml:33:17-49
107        </provider>
108    </application>
109
110</manifest>